Using 8 of 8 available nodes (node0 to node7)
Server nodes: node0 node1 node2 node3
Client nodes: node4 node5 node6 node7
Server args: 
Client args: 

Logs will be in /mnt/nfs/nrkhadem/cs6450-labs/logs/20250907-001700
Initial cluster cleanup...
Cleaning up processes on all nodes...
Cleaning up processes on node0...
Cleaning up processes on node1...
Cleaning up processes on node2...
Cleaning up processes on node3...
Cleaning up processes on node4...
Cleaning up processes on node5...
Cleaning up processes on node6...
Cleaning up processes on node7...
Cleanup complete.

Building the project...
Building KVS server...
go build -v  -o bin/kvsserver ./kvs/server
github.com/rstutsman/cs6450-labs/kvs/server
Building KVS client...
go build -v  -o bin/kvsclient ./kvs/client
github.com/rstutsman/cs6450-labs/kvs/client

Starting server on node0...
Starting server on node1...
Starting server on node2...
Starting server on node3...
Starting client on node4...
Starting client on node5...
Starting client on node6...
Starting client on node7...
Waiting for clients to finish...
All clients finished.
Run complete. Logs in /mnt/nfs/nrkhadem/cs6450-labs/logs/20250907-001700

node0 median 1720639 op/s
node1 median 1505534 op/s
node2 median 1445508 op/s
node3 median 1391676 op/s

total 6063356 op/s

Cleaning up processes on all nodes...
Cleaning up processes on node0...
Cleaning up processes on node1...
Cleaning up processes on node2...
Cleaning up processes on node3...
Cleaning up processes on node4...
Cleaning up processes on node5...
Cleaning up processes on node6...
Cleaning up processes on node7...
Cleanup complete.
